<?xml version="1.0" encoding="UTF-8"?>
<testng-results skipped="0" failed="0" total="2" passed="2">
  <reporter-output>
  </reporter-output>
  <suite name="no.difi.vefa.SbdhGeneratorFactoryTest" duration-ms="717" started-at="2015-09-11T07:31:54Z" finished-at="2015-09-11T07:31:55Z">
    <groups>
    </groups>
    <test name="Command line test" duration-ms="717" started-at="2015-09-11T07:31:54Z" finished-at="2015-09-11T07:31:55Z">
      <class name="no.difi.vefa.SbdhGeneratorFactoryTest">
        <test-method status="PASS" signature="obtainCreatorForBackendSBDH()[pri:0, instance:no.difi.vefa.SbdhGeneratorFactoryTest@19dfb72a]" name="obtainCreatorForBackendSBDH" duration-ms="704" started-at="2015-09-11T09:31:54Z" finished-at="2015-09-11T09:31:55Z">
          <reporter-output>
          </reporter-output>
        </test-method> <!-- obtainCreatorForBackendSBDH -->
        <test-method status="PASS" signature="verifySampleData()[pri:0, instance:no.difi.vefa.SbdhGeneratorFactoryTest@19dfb72a]" name="verifySampleData" duration-ms="4" started-at="2015-09-11T09:31:55Z" finished-at="2015-09-11T09:31:55Z">
          <reporter-output>
          </reporter-output>
        </test-method> <!-- verifySampleData -->
      </class> <!-- no.difi.vefa.SbdhGeneratorFactoryTest -->
    </test> <!-- Command line test -->
  </suite> <!-- no.difi.vefa.SbdhGeneratorFactoryTest -->
</testng-results>
